This file contains any messages produced by compilers while
running configure, to aid debugging if configure makes a mistake.

It was created by configure.wd, which was
generated by GNU Autoconf 2.69.  Invocation command line was

  $ ./configure.wd --enable-usb-support --disable-sriov-support

## --------- ##
## Platform. ##
## --------- ##

hostname = server01
uname -m = x86_64
uname -r = 4.15.0-191-generic
uname -s = Linux
uname -v = #202-Ubuntu SMP Thu Aug 4 01:49:29 UTC 2022

/usr/bin/uname -p = unknown
/bin/uname -X     = unknown

/bin/arch              = unknown
/usr/bin/arch -k       = unknown
/usr/convex/getsysinfo = unknown
/usr/bin/hostinfo      = unknown
/bin/machine           = unknown
/usr/bin/oslevel       = unknown
/bin/universe          = unknown

PATH: /usr/local/sbin
PATH: /usr/local/sbin
PATH: /usr/local/bin
PATH: /usr/sbin
PATH: /usr/bin
PATH: /sbin
PATH: /bin
PATH: /snap/bin


## ----------- ##
## Core tests. ##
## ----------- ##

configure.wd:1758: checking for cpu architecture
configure.wd:1761: result: x86_64
configure.wd:1767: checking for WinDriver root directory
configure.wd:1770: result: /data01/drive/driver/driver_installation
configure.wd:1774: checking for linux kernel source
configure.wd:1801: result: found at /lib/modules/4.15.0-191-generic/build
configure.wd:1814: checking for lib directory
configure.wd:1825: result: ln -sf $(ROOT_DIR)/lib/$(SHARED_OBJECT)_32.so /usr/lib/$(SHARED_OBJECT)_32.so; ln -sf $(ROOT_DIR)/lib/$(SHARED_OBJECT).so /usr/lib64/$(SHARED_OBJECT).so ; ln -sf $(ROOT_DIR)/lib/$(SHARED_OBJECT).so /usr/lib/$(SHARED_OBJECT).so
configure.wd:1828: checking which directories to include
configure.wd:1845: result: -I/lib/modules/4.15.0-191-generic/build/include
configure.wd:1849: checking for modules installation directory
configure.wd:1856: result: /lib/modules/4.15.0-191-generic/kernel/drivers/misc
configure.wd:1859: checking output directory
configure.wd:1865: result: LINUX.4.15.0-191-generic.x86_64
configure.wd:2081: creating ./config.status

## ---------------------- ##
## Running config.status. ##
## ---------------------- ##

This file was extended by config.status, which was
generated by GNU Autoconf 2.69.  Invocation command line was

  CONFIG_FILES    = 
  CONFIG_HEADERS  = 
  CONFIG_LINKS    = 
  CONFIG_COMMANDS = 
  $ ./config.status 

on server01

config.status:726: creating makefile.wd.kbuild

## ---------------- ##
## Cache variables. ##
## ---------------- ##

ac_cv_env_build_alias_set=
ac_cv_env_build_alias_value=
ac_cv_env_host_alias_set=
ac_cv_env_host_alias_value=
ac_cv_env_target_alias_set=
ac_cv_env_target_alias_value=

## ----------------- ##
## Output variables. ##
## ----------------- ##

DEFS='-DPACKAGE_NAME=\"\" -DPACKAGE_TARNAME=\"\" -DPACKAGE_VERSION=\"\" -DPACKAGE_STRING=\"\" -DPACKAGE_BUGREPORT=\"\" -DPACKAGE_URL=\"\"'
DEV_CHANGE_PERMISSION_MSG='change the permissions of /dev/driver'
ECHO_C=''
ECHO_N='-n'
ECHO_T=''
EXTRA_CFLAGS='-fno-omit-frame-pointer -O2 -DLINUX -DWINDRIVER_KERNEL  -DLINUX_USB_SUPPORT -I/lib/modules/4.15.0-191-generic/build/include -I/data01/drive/driver/driver_installation/include -I/data01/drive/driver/driver_installation -DWD_DRIVER_NAME_CHANGE'
KBUILD_EXTRA_SYMBOLS=' /data01/drive/driver/driver_installation/redist/Module_usb.symvers'
KERNEL_DIR='/lib/modules/4.15.0-191-generic/build'
LIBOBJS=''
LIBS=''
LINK_LIB='ln -sf $(ROOT_DIR)/lib/$(SHARED_OBJECT)_32.so /usr/lib/$(SHARED_OBJECT)_32.so; ln -sf $(ROOT_DIR)/lib/$(SHARED_OBJECT).so /usr/lib64/$(SHARED_OBJECT).so ; ln -sf $(ROOT_DIR)/lib/$(SHARED_OBJECT).so /usr/lib/$(SHARED_OBJECT).so'
LINK_OBJ='windrvr_gcc_v3.o_shipped'
LTLIBOBJS=''
MODDIR='/lib/modules/4.15.0-191-generic/kernel/drivers/misc'
MODULE_NAME='driver'
OD='LINUX.4.15.0-191-generic.x86_64'
PACKAGE_BUGREPORT=''
PACKAGE_NAME=''
PACKAGE_STRING=''
PACKAGE_TARNAME=''
PACKAGE_URL=''
PACKAGE_VERSION=''
PATH_SEPARATOR=':'
ROOT_DIR='/data01/drive/driver/driver_installation'
SHARED_OBJECT='libwdapi1511'
SHELL='/bin/sh'
USE_UDEV='no'
bindir='${exec_prefix}/bin'
build_alias=''
datadir='${datarootdir}'
datarootdir='${prefix}/share'
docdir='${datarootdir}/doc/${PACKAGE}'
dvidir='${docdir}'
exec_prefix='${prefix}'
host_alias=''
htmldir='${docdir}'
includedir='${prefix}/include'
infodir='${datarootdir}/info'
libdir='${exec_prefix}/lib'
libexecdir='${exec_prefix}/libexec'
localedir='${datarootdir}/locale'
localstatedir='${prefix}/var'
mandir='${datarootdir}/man'
oldincludedir='/usr/include'
pdfdir='${docdir}'
prefix='/usr/local'
program_transform_name='s,x,x,'
psdir='${docdir}'
runstatedir='${localstatedir}/run'
sbindir='${exec_prefix}/sbin'
sharedstatedir='${prefix}/com'
sysconfdir='${prefix}/etc'
target_alias=''

## ----------- ##
## confdefs.h. ##
## ----------- ##

/* confdefs.h */
#define PACKAGE_NAME ""
#define PACKAGE_TARNAME ""
#define PACKAGE_VERSION ""
#define PACKAGE_STRING ""
#define PACKAGE_BUGREPORT ""
#define PACKAGE_URL ""

configure.wd: exit 0
